2026-05-20 17:12:09 | INFO     | trading_bot | Placing BUY MARKET order | symbol=BTCUSDT qty=0.001 price=None
2026-05-20 17:12:09 | DEBUG    | trading_bot | REQUEST  POST https://testnet.binancefuture.com/fapi/v1/order  params={'symbol': 'BTCUSDT', 'side': 'BUY', 'type': 'MARKET', 'quantity': '0.001', 'timestamp': 1779277329582, 'signature': '***REDACTED***'}
2026-05-20 17:12:10 | DEBUG    | trading_bot | RESPONSE 401  body={"code":-2015,"msg":"Invalid API-key, IP, or permissions for action"}
2026-05-20 17:12:10 | ERROR    | trading_bot | HTTP error 401: Invalid API-key, IP, or permissions for action
2026-05-20 17:12:10 | ERROR    | trading_bot | API error placing order: Binance API error 401: Invalid API-key, IP, or permissions for action
2026-05-20 17:22:35 | INFO     | trading_bot | Placing BUY MARKET order | symbol=BTCUSDT qty=0.001 price=None
2026-05-20 17:22:35 | DEBUG    | trading_bot | REQUEST  POST https://testnet.binancefuture.com/fapi/v1/order  params={'symbol': 'BTCUSDT', 'side': 'BUY', 'type': 'MARKET', 'quantity': '0.001', 'timestamp': 1779277955056, 'signature': '***REDACTED***'}
2026-05-20 17:22:35 | DEBUG    | trading_bot | RESPONSE 401  body={"code":-2015,"msg":"Invalid API-key, IP, or permissions for action"}
2026-05-20 17:22:35 | ERROR    | trading_bot | HTTP error 401: Invalid API-key, IP, or permissions for action
2026-05-20 17:22:35 | ERROR    | trading_bot | API error placing order: Binance API error 401: Invalid API-key, IP, or permissions for action
2026-05-20 17:23:49 | INFO     | trading_bot | Placing BUY MARKET order | symbol=BTCUSDT qty=0.001 price=None
2026-05-20 17:23:49 | DEBUG    | trading_bot | REQUEST  POST https://testnet.binancefuture.com/fapi/v1/order  params={'symbol': 'BTCUSDT', 'side': 'BUY', 'type': 'MARKET', 'quantity': '0.001', 'timestamp': 1779278029911, 'signature': '***REDACTED***'}
2026-05-20 17:23:50 | DEBUG    | trading_bot | RESPONSE 401  body={"code":-2015,"msg":"Invalid API-key, IP, or permissions for action"}
2026-05-20 17:23:50 | ERROR    | trading_bot | HTTP error 401: Invalid API-key, IP, or permissions for action
2026-05-20 17:23:50 | ERROR    | trading_bot | API error placing order: Binance API error 401: Invalid API-key, IP, or permissions for action
2026-05-20 19:17:02 | INFO     | trading_bot | Placing BUY MARKET order | symbol=BTCUSDT qty=0.001 price=None
2026-05-20 19:17:02 | DEBUG    | trading_bot | REQUEST  POST https://testnet.binancefuture.com/fapi/v1/order  params={'symbol': 'BTCUSDT', 'side': 'BUY', 'type': 'MARKET', 'quantity': '0.001', 'timestamp': 1779284822709, 'signature': '***REDACTED***'}
2026-05-20 19:17:04 | DEBUG    | trading_bot | RESPONSE 200  body={"orderId":13168061314,"symbol":"BTCUSDT","status":"NEW","clientOrderId":"zKBEo4wUyqhFyr2z7r7nxF","price":"0.00","avgPrice":"0.00","origQty":"0.0010","executedQty":"0.0000","cumQty":"0.0000","cumQuote":"0.000000","timeInForce":"GTC","type":"MARKET","reduceOnly":false,"closePosition":false,"side":"BUY","positionSide":"BOTH","stopPrice":"0.00","workingType":"CONTRACT_PRICE","priceProtect":false,"origType":"MARKET","priceMatch":"NONE","selfTradePreventionMode":"EXPIRE_MAKER","goodTillDate":0,"updat
2026-05-20 19:17:04 | INFO     | trading_bot | Order placed | orderId=13168061314 status=NEW executedQty=0.0000 avgPrice=0.00
2026-05-20 19:22:11 | INFO     | trading_bot | Placing BUY MARKET order | symbol=BTCUSDT qty=0.001 price=None
2026-05-20 19:22:11 | DEBUG    | trading_bot | REQUEST  POST https://testnet.binancefuture.com/fapi/v1/order  params={'symbol': 'BTCUSDT', 'side': 'BUY', 'type': 'MARKET', 'quantity': '0.001', 'newOrderRespType': 'RESULT', 'timestamp': 1779285131648, 'signature': '***REDACTED***'}
2026-05-20 19:22:12 | DEBUG    | trading_bot | RESPONSE 200  body={"orderId":13168080683,"symbol":"BTCUSDT","status":"FILLED","clientOrderId":"ilamr97JcjZ1IyBaM5Uf7Y","price":"0.00","avgPrice":"77221.600000","origQty":"0.0010","executedQty":"0.0010","cumQty":"0.0010","cumQuote":"77.221600","timeInForce":"GTC","type":"MARKET","reduceOnly":false,"closePosition":false,"side":"BUY","positionSide":"BOTH","stopPrice":"0.00","workingType":"CONTRACT_PRICE","priceProtect":false,"origType":"MARKET","priceMatch":"NONE","selfTradePreventionMode":"EXPIRE_MAKER","goodTillDa
2026-05-20 19:22:12 | INFO     | trading_bot | Order placed | orderId=13168080683 status=FILLED executedQty=0.0010 avgPrice=77221.600000
2026-05-20 19:22:59 | INFO     | trading_bot | Placing SELL LIMIT order | symbol=BTCUSDT qty=0.001 price=120000
2026-05-20 19:22:59 | DEBUG    | trading_bot | REQUEST  POST https://testnet.binancefuture.com/fapi/v1/order  params={'symbol': 'BTCUSDT', 'side': 'SELL', 'type': 'LIMIT', 'quantity': '0.001', 'newOrderRespType': 'RESULT', 'price': '120000', 'timeInForce': 'GTC', 'timestamp': 1779285179940, 'signature': '***REDACTED***'}
2026-05-20 19:23:00 | DEBUG    | trading_bot | RESPONSE 200  body={"orderId":13168083810,"symbol":"BTCUSDT","status":"NEW","clientOrderId":"btCucSyjXgyh4z6AON24Cv","price":"120000.00","avgPrice":"0.00","origQty":"0.0010","executedQty":"0.0000","cumQty":"0.0000","cumQuote":"0.000000","timeInForce":"GTC","type":"LIMIT","reduceOnly":false,"closePosition":false,"side":"SELL","positionSide":"BOTH","stopPrice":"0.00","workingType":"CONTRACT_PRICE","priceProtect":false,"origType":"LIMIT","priceMatch":"NONE","selfTradePreventionMode":"EXPIRE_MAKER","goodTillDate":0,"u
2026-05-20 19:23:00 | INFO     | trading_bot | Order placed | orderId=13168083810 status=NEW executedQty=0.0000 avgPrice=0.00
2026-05-20 19:24:56 | INFO     | trading_bot | Placing SELL LIMIT order | symbol=BTCUSDT qty=0.001 price=120000
2026-05-20 19:24:56 | DEBUG    | trading_bot | REQUEST  POST https://testnet.binancefuture.com/fapi/v1/order  params={'symbol': 'BTCUSDT', 'side': 'SELL', 'type': 'LIMIT', 'quantity': '0.001', 'newOrderRespType': 'RESULT', 'price': '120000', 'timeInForce': 'GTC', 'timestamp': 1779285296317, 'signature': '***REDACTED***'}
2026-05-20 19:24:57 | DEBUG    | trading_bot | RESPONSE 200  body={"orderId":13168091315,"symbol":"BTCUSDT","status":"NEW","clientOrderId":"d5cjATMlCBziWh6Cch55Zf","price":"120000.00","avgPrice":"0.00","origQty":"0.0010","executedQty":"0.0000","cumQty":"0.0000","cumQuote":"0.000000","timeInForce":"GTC","type":"LIMIT","reduceOnly":false,"closePosition":false,"side":"SELL","positionSide":"BOTH","stopPrice":"0.00","workingType":"CONTRACT_PRICE","priceProtect":false,"origType":"LIMIT","priceMatch":"NONE","selfTradePreventionMode":"EXPIRE_MAKER","goodTillDate":0,"u
2026-05-20 19:24:57 | INFO     | trading_bot | Order placed | orderId=13168091315 status=NEW executedQty=0.0000 avgPrice=0.00
2026-05-20 19:25:19 | INFO     | trading_bot | Placing SELL LIMIT order | symbol=BTCUSDT qty=0.001 price=120000
2026-05-20 19:25:19 | DEBUG    | trading_bot | REQUEST  POST https://testnet.binancefuture.com/fapi/v1/order  params={'symbol': 'BTCUSDT', 'side': 'SELL', 'type': 'LIMIT', 'quantity': '0.001', 'newOrderRespType': 'RESULT', 'price': '120000', 'timeInForce': 'GTC', 'timestamp': 1779285319655, 'signature': '***REDACTED***'}
2026-05-20 19:25:20 | DEBUG    | trading_bot | RESPONSE 200  body={"orderId":13168093059,"symbol":"BTCUSDT","status":"NEW","clientOrderId":"KszS0ZJXoSqabDn8YxYHN0","price":"120000.00","avgPrice":"0.00","origQty":"0.0010","executedQty":"0.0000","cumQty":"0.0000","cumQuote":"0.000000","timeInForce":"GTC","type":"LIMIT","reduceOnly":false,"closePosition":false,"side":"SELL","positionSide":"BOTH","stopPrice":"0.00","workingType":"CONTRACT_PRICE","priceProtect":false,"origType":"LIMIT","priceMatch":"NONE","selfTradePreventionMode":"EXPIRE_MAKER","goodTillDate":0,"u
2026-05-20 19:25:20 | INFO     | trading_bot | Order placed | orderId=13168093059 status=NEW executedQty=0.0000 avgPrice=0.00
2026-05-20 19:28:13 | WARNING  | trading_bot | Validation failed: Price is required for LIMIT orders.
2026-05-20 19:28:24 | WARNING  | trading_bot | Validation failed: Price should only be provided for LIMIT orders.
2026-05-20 19:28:46 | WARNING  | trading_bot | Validation failed: Quantity must be greater than 0, got 0.
2026-05-20 19:28:55 | INFO     | trading_bot | Placing BUY MARKET order | symbol=BTCUSDT qty=0.001 price=None
2026-05-20 19:28:55 | DEBUG    | trading_bot | REQUEST  POST https://testnet.binancefuture.com/fapi/v1/order  params={'symbol': 'BTCUSDT', 'side': 'BUY', 'type': 'MARKET', 'quantity': '0.001', 'newOrderRespType': 'RESULT', 'timestamp': 1779285535452, 'signature': '***REDACTED***'}
2026-05-20 19:28:56 | DEBUG    | trading_bot | RESPONSE 200  body={"orderId":13168107123,"symbol":"BTCUSDT","status":"FILLED","clientOrderId":"S08yYYL39U5ulgrMWYHHjJ","price":"0.00","avgPrice":"77143.700000","origQty":"0.0010","executedQty":"0.0010","cumQty":"0.0010","cumQuote":"77.143700","timeInForce":"GTC","type":"MARKET","reduceOnly":false,"closePosition":false,"side":"BUY","positionSide":"BOTH","stopPrice":"0.00","workingType":"CONTRACT_PRICE","priceProtect":false,"origType":"MARKET","priceMatch":"NONE","selfTradePreventionMode":"EXPIRE_MAKER","goodTillDa
2026-05-20 19:28:56 | INFO     | trading_bot | Order placed | orderId=13168107123 status=FILLED executedQty=0.0010 avgPrice=77143.700000
2026-05-20 19:29:03 | INFO     | trading_bot | Placing SELL LIMIT order | symbol=BTCUSDT qty=0.001 price=120000
2026-05-20 19:29:03 | DEBUG    | trading_bot | REQUEST  POST https://testnet.binancefuture.com/fapi/v1/order  params={'symbol': 'BTCUSDT', 'side': 'SELL', 'type': 'LIMIT', 'quantity': '0.001', 'newOrderRespType': 'RESULT', 'price': '120000', 'timeInForce': 'GTC', 'timestamp': 1779285543513, 'signature': '***REDACTED***'}
2026-05-20 19:29:04 | DEBUG    | trading_bot | RESPONSE 200  body={"orderId":13168107585,"symbol":"BTCUSDT","status":"NEW","clientOrderId":"EZWk0g3DKe9gB8cP1zI1ZB","price":"120000.00","avgPrice":"0.00","origQty":"0.0010","executedQty":"0.0000","cumQty":"0.0000","cumQuote":"0.000000","timeInForce":"GTC","type":"LIMIT","reduceOnly":false,"closePosition":false,"side":"SELL","positionSide":"BOTH","stopPrice":"0.00","workingType":"CONTRACT_PRICE","priceProtect":false,"origType":"LIMIT","priceMatch":"NONE","selfTradePreventionMode":"EXPIRE_MAKER","goodTillDate":0,"u
2026-05-20 19:29:04 | INFO     | trading_bot | Order placed | orderId=13168107585 status=NEW executedQty=0.0000 avgPrice=0.00
2026-05-20 19:30:45 | INFO     | trading_bot | Placing BUY LIMIT order | symbol=BTCUSDT qty=0.001 price=90000
2026-05-20 19:30:45 | DEBUG    | trading_bot | REQUEST  POST https://testnet.binancefuture.com/fapi/v1/order  params={'symbol': 'BTCUSDT', 'side': 'BUY', 'type': 'LIMIT', 'quantity': '0.001', 'newOrderRespType': 'RESULT', 'price': '90000', 'timeInForce': 'GTC', 'timestamp': 1779285645078, 'signature': '***REDACTED***'}
2026-05-20 19:30:46 | DEBUG    | trading_bot | RESPONSE 400  body={"code":-4016,"msg":"Limit price can't be higher than 81060.22."}
2026-05-20 19:30:46 | ERROR    | trading_bot | HTTP error 400: Limit price can't be higher than 81060.22.
2026-05-20 19:30:46 | ERROR    | trading_bot | API error placing order: Binance API error 400: Limit price can't be higher than 81060.22.
2026-05-20 19:31:14 | INFO     | trading_bot | Placing SELL LIMIT order | symbol=BTCUSDT qty=0.001 price=70000
2026-05-20 19:31:14 | DEBUG    | trading_bot | REQUEST  POST https://testnet.binancefuture.com/fapi/v1/order  params={'symbol': 'BTCUSDT', 'side': 'SELL', 'type': 'LIMIT', 'quantity': '0.001', 'newOrderRespType': 'RESULT', 'price': '70000', 'timeInForce': 'GTC', 'timestamp': 1779285674045, 'signature': '***REDACTED***'}
2026-05-20 19:31:15 | DEBUG    | trading_bot | RESPONSE 400  body={"code":-4024,"msg":"Limit price can't be lower than 73368.97."}
2026-05-20 19:31:15 | ERROR    | trading_bot | HTTP error 400: Limit price can't be lower than 73368.97.
2026-05-20 19:31:15 | ERROR    | trading_bot | API error placing order: Binance API error 400: Limit price can't be lower than 73368.97.
2026-05-20 19:31:28 | INFO     | trading_bot | Placing BUY LIMIT order | symbol=BTCUSDT qty=0.001 price=90000
2026-05-20 19:31:28 | DEBUG    | trading_bot | REQUEST  POST https://testnet.binancefuture.com/fapi/v1/order  params={'symbol': 'BTCUSDT', 'side': 'BUY', 'type': 'LIMIT', 'quantity': '0.001', 'newOrderRespType': 'RESULT', 'price': '90000', 'timeInForce': 'GTC', 'timestamp': 1779285688470, 'signature': '***REDACTED***'}
2026-05-20 19:31:29 | DEBUG    | trading_bot | RESPONSE 400  body={"code":-4016,"msg":"Limit price can't be higher than 81035.73."}
2026-05-20 19:31:29 | ERROR    | trading_bot | HTTP error 400: Limit price can't be higher than 81035.73.
2026-05-20 19:31:29 | ERROR    | trading_bot | API error placing order: Binance API error 400: Limit price can't be higher than 81035.73.
2026-05-20 19:31:55 | INFO     | trading_bot | Placing BUY LIMIT order | symbol=BTCUSDT qty=0.001 price=80000
2026-05-20 19:31:55 | DEBUG    | trading_bot | REQUEST  POST https://testnet.binancefuture.com/fapi/v1/order  params={'symbol': 'BTCUSDT', 'side': 'BUY', 'type': 'LIMIT', 'quantity': '0.001', 'newOrderRespType': 'RESULT', 'price': '80000', 'timeInForce': 'GTC', 'timestamp': 1779285715548, 'signature': '***REDACTED***'}
2026-05-20 19:31:56 | DEBUG    | trading_bot | RESPONSE 200  body={"orderId":13168117625,"symbol":"BTCUSDT","status":"FILLED","clientOrderId":"PKo04IIhzLWgbMCaUASTFu","price":"80000.00","avgPrice":"77167.000000","origQty":"0.0010","executedQty":"0.0010","cumQty":"0.0010","cumQuote":"77.167000","timeInForce":"GTC","type":"LIMIT","reduceOnly":false,"closePosition":false,"side":"BUY","positionSide":"BOTH","stopPrice":"0.00","workingType":"CONTRACT_PRICE","priceProtect":false,"origType":"LIMIT","priceMatch":"NONE","selfTradePreventionMode":"EXPIRE_MAKER","goodTill
2026-05-20 19:31:56 | INFO     | trading_bot | Order placed | orderId=13168117625 status=FILLED executedQty=0.0010 avgPrice=77167.000000
2026-05-20 19:32:21 | INFO     | trading_bot | Placing SELL LIMIT order | symbol=BTCUSDT qty=0.001 price=80000
2026-05-20 19:32:21 | DEBUG    | trading_bot | REQUEST  POST https://testnet.binancefuture.com/fapi/v1/order  params={'symbol': 'BTCUSDT', 'side': 'SELL', 'type': 'LIMIT', 'quantity': '0.001', 'newOrderRespType': 'RESULT', 'price': '80000', 'timeInForce': 'GTC', 'timestamp': 1779285741788, 'signature': '***REDACTED***'}
2026-05-20 19:32:22 | DEBUG    | trading_bot | RESPONSE 200  body={"orderId":13168119179,"symbol":"BTCUSDT","status":"NEW","clientOrderId":"2ifVVlPSYy3nq1CfnqHiDQ","price":"80000.00","avgPrice":"0.00","origQty":"0.0010","executedQty":"0.0000","cumQty":"0.0000","cumQuote":"0.000000","timeInForce":"GTC","type":"LIMIT","reduceOnly":false,"closePosition":false,"side":"SELL","positionSide":"BOTH","stopPrice":"0.00","workingType":"CONTRACT_PRICE","priceProtect":false,"origType":"LIMIT","priceMatch":"NONE","selfTradePreventionMode":"EXPIRE_MAKER","goodTillDate":0,"up
2026-05-20 19:32:22 | INFO     | trading_bot | Order placed | orderId=13168119179 status=NEW executedQty=0.0000 avgPrice=0.00
2026-05-20 19:38:49 | WARNING  | trading_bot | Validation failed: Stop price is required for STOP_LIMIT orders.
2026-05-20 19:40:38 | INFO     | trading_bot | Placing SELL STOP_LIMIT order | symbol=BTCUSDT qty=0.001 price=70000 stopPrice=70500
2026-05-20 19:40:38 | DEBUG    | trading_bot | REQUEST  POST https://testnet.binancefuture.com/fapi/v1/order  params={'symbol': 'BTCUSDT', 'side': 'SELL', 'type': 'STOP', 'quantity': '0.001', 'newOrderRespType': 'RESULT', 'price': '70000', 'timeInForce': 'GTC', 'stopPrice': '70500', 'timestamp': 1779286238533, 'signature': '***REDACTED***'}
2026-05-20 19:40:39 | DEBUG    | trading_bot | RESPONSE 400  body={"code":-4120,"msg":"Order type not supported for this endpoint. Please use the Algo Order API endpoints instead."}
2026-05-20 19:40:39 | ERROR    | trading_bot | HTTP error 400: Order type not supported for this endpoint. Please use the Algo Order API endpoints instead.
2026-05-20 19:40:39 | ERROR    | trading_bot | API error placing order: Binance API error 400: Order type not supported for this endpoint. Please use the Algo Order API endpoints instead.
2026-05-20 19:48:52 | INFO     | trading_bot | Placing SELL STOP_LIMIT order | symbol=BTCUSDT qty=0.001 price=70000 stopPrice=70500
2026-05-20 19:48:52 | DEBUG    | trading_bot | REQUEST  POST https://testnet.binancefuture.com/fapi/v1/algoOrder  params={'symbol': 'BTCUSDT', 'side': 'SELL', 'type': 'STOP', 'quantity': '0.001', 'newOrderRespType': 'RESULT', 'price': '70000', 'timeInForce': 'GTC', 'algoType': 'CONDITIONAL', 'triggerPrice': '70500', 'timestamp': 1779286732076, 'signature': '***REDACTED***'}
2026-05-20 19:48:54 | ERROR    | trading_bot | Network error reaching https://testnet.binancefuture.com/fapi/v1/algoOrder: HTTPSConnectionPool(host='testnet.binancefuture.com', port=443): Max retries exceeded with url: /fapi/v1/algoOrder?symbol=BTCUSDT&side=SELL&type=STOP&quantity=0.001&newOrderRespType=RESULT&price=70000&timeInForce=GTC&algoType=CONDITIONAL&triggerPrice=70500&timestamp=1779286732076&signature=***REDACTED*** (Caused by ProxyError('Unable to connect to proxy', NewConnectionError('<urllib3.connection.HTTPSConnection object at 0x000001A3EF97E900>: Failed to establish a new connection: [WinError 10061] No connection could be made because the target machine actively refused it')))
2026-05-20 19:48:54 | ERROR    | trading_bot | Network error: Cannot reach Binance Testnet (https://testnet.binancefuture.com/fapi/v1/algoOrder): HTTPSConnectionPool(host='testnet.binancefuture.com', port=443): Max retries exceeded with url: /fapi/v1/algoOrder?symbol=BTCUSDT&side=SELL&type=STOP&quantity=0.001&newOrderRespType=RESULT&price=70000&timeInForce=GTC&algoType=CONDITIONAL&triggerPrice=70500&timestamp=1779286732076&signature=***REDACTED*** (Caused by ProxyError('Unable to connect to proxy', NewConnectionError('<urllib3.connection.HTTPSConnection object at 0x000001A3EF97E900>: Failed to establish a new connection: [WinError 10061] No connection could be made because the target machine actively refused it')))
2026-05-20 19:50:02 | WARNING  | trading_bot | Validation failed: Stop price is required for STOP_LIMIT orders.
2026-05-20 19:50:52 | INFO     | trading_bot | Placing SELL STOP_LIMIT order | symbol=BTCUSDT qty=0.001 price=70000 stopPrice=70500
2026-05-20 19:50:52 | DEBUG    | trading_bot | REQUEST  POST https://testnet.binancefuture.com/fapi/v1/algoOrder  params={'symbol': 'BTCUSDT', 'side': 'SELL', 'type': 'STOP', 'quantity': '0.001', 'newOrderRespType': 'RESULT', 'price': '70000', 'timeInForce': 'GTC', 'algoType': 'CONDITIONAL', 'triggerPrice': '70500', 'timestamp': 1779286852288, 'signature': '***REDACTED***'}
2026-05-20 19:50:53 | DEBUG    | trading_bot | RESPONSE 200  body={"algoId":1000000080556203,"clientAlgoId":"GBKjipje2gObeyN3nJLZhe","algoType":"CONDITIONAL","orderType":"STOP","symbol":"BTCUSDT","side":"SELL","positionSide":"BOTH","timeInForce":"GTC","quantity":"0.0010","algoStatus":"NEW","triggerPrice":"70500.00","price":"70000.00","icebergQuantity":null,"selfTradePreventionMode":"EXPIRE_MAKER","workingType":"CONTRACT_PRICE","priceMatch":"NONE","closePosition":false,"priceProtect":false,"reduceOnly":false,"createTime":1779286853463,"updateTime":1779286853466
2026-05-20 19:50:53 | INFO     | trading_bot | Order placed | orderId=None algoId=1000000080556203 status=None executedQty=None avgPrice=None
2026-05-20 20:00:29 | INFO     | trading_bot | Placing BUY MARKET order | symbol=BTCUSDT qty=0.001 price=None stopPrice=None
2026-05-20 20:00:29 | DEBUG    | trading_bot | REQUEST  POST https://testnet.binancefuture.com/fapi/v1/order  params={'symbol': 'BTCUSDT', 'side': 'BUY', 'type': 'MARKET', 'quantity': '0.001', 'newOrderRespType': 'RESULT', 'timestamp': 1779287429486, 'signature': '***REDACTED***'}
2026-05-20 20:00:30 | DEBUG    | trading_bot | RESPONSE 200  body={"orderId":13168222322,"symbol":"BTCUSDT","status":"FILLED","clientOrderId":"vwDQ8pT5xroDbFHT9oHhKU","price":"0.00","avgPrice":"77377.100000","origQty":"0.0010","executedQty":"0.0010","cumQty":"0.0010","cumQuote":"77.377100","timeInForce":"GTC","type":"MARKET","reduceOnly":false,"closePosition":false,"side":"BUY","positionSide":"BOTH","stopPrice":"0.00","workingType":"CONTRACT_PRICE","priceProtect":false,"origType":"MARKET","priceMatch":"NONE","selfTradePreventionMode":"EXPIRE_MAKER","goodTillDa
2026-05-20 20:00:30 | INFO     | trading_bot | Order placed | orderId=13168222322 algoId=None status=FILLED executedQty=0.0010 avgPrice=77377.100000
2026-05-20 20:00:57 | WARNING  | trading_bot | Validation failed: Stop price is required for STOP_LIMIT orders.
2026-05-20 21:25:13 | INFO     | trading_bot | Placing BUY MARKET order | symbol=BTCUSDT qty=0.001 price=None stopPrice=None
2026-05-20 21:25:13 | DEBUG    | trading_bot | REQUEST  POST https://testnet.binancefuture.com/fapi/v1/order  params={'symbol': 'BTCUSDT', 'side': 'BUY', 'type': 'MARKET', 'quantity': '0.001', 'newOrderRespType': 'RESULT', 'timestamp': 1779292513695, 'signature': '***REDACTED***'}
2026-05-20 21:25:15 | DEBUG    | trading_bot | RESPONSE 200  body={"orderId":13168524132,"symbol":"BTCUSDT","status":"FILLED","clientOrderId":"JCnItWHwlXLO2lttJIkfD5","price":"0.00","avgPrice":"77445.600000","origQty":"0.0010","executedQty":"0.0010","cumQty":"0.0010","cumQuote":"77.445600","timeInForce":"GTC","type":"MARKET","reduceOnly":false,"closePosition":false,"side":"BUY","positionSide":"BOTH","stopPrice":"0.00","workingType":"CONTRACT_PRICE","priceProtect":false,"origType":"MARKET","priceMatch":"NONE","selfTradePreventionMode":"EXPIRE_MAKER","goodTillDa
2026-05-20 21:25:15 | INFO     | trading_bot | Order placed | orderId=13168524132 algoId=None status=FILLED executedQty=0.0010 avgPrice=77445.600000
2026-05-21 12:56:58 | INFO     | trading_bot | Placing SELL LIMIT order | symbol=BTCUSDT qty=0.02 price=80000 stopPrice=None
2026-05-21 12:56:58 | DEBUG    | trading_bot | REQUEST  POST https://testnet.binancefuture.com/fapi/v1/order  params={'symbol': 'BTCUSDT', 'side': 'SELL', 'type': 'LIMIT', 'quantity': '0.02', 'newOrderRespType': 'RESULT', 'price': '80000', 'timeInForce': 'GTC', 'timestamp': 1779348418678, 'signature': '***REDACTED***'}
2026-05-21 12:57:00 | DEBUG    | trading_bot | RESPONSE 200  body={"orderId":13171367302,"symbol":"BTCUSDT","status":"NEW","clientOrderId":"y9jWQXEm2GqPqR64KdFEEM","price":"80000.00","avgPrice":"0.00","origQty":"0.0200","executedQty":"0.0000","cumQty":"0.0000","cumQuote":"0.000000","timeInForce":"GTC","type":"LIMIT","reduceOnly":false,"closePosition":false,"side":"SELL","positionSide":"BOTH","stopPrice":"0.00","workingType":"CONTRACT_PRICE","priceProtect":false,"origType":"LIMIT","priceMatch":"NONE","selfTradePreventionMode":"EXPIRE_MAKER","goodTillDate":0,"up
2026-05-21 12:57:00 | INFO     | trading_bot | Order placed | orderId=13171367302 algoId=None status=NEW executedQty=0.0000 avgPrice=0.00
2026-05-21 12:57:28 | INFO     | trading_bot | Placing BUY LIMIT order | symbol=BTCUSDT qty=0.03 price=82000 stopPrice=None
2026-05-21 12:57:28 | DEBUG    | trading_bot | REQUEST  POST https://testnet.binancefuture.com/fapi/v1/order  params={'symbol': 'BTCUSDT', 'side': 'BUY', 'type': 'LIMIT', 'quantity': '0.03', 'newOrderRespType': 'RESULT', 'price': '82000', 'timeInForce': 'GTC', 'timestamp': 1779348448702, 'signature': '***REDACTED***'}
2026-05-21 12:57:30 | DEBUG    | trading_bot | RESPONSE 400  body={"code":-4016,"msg":"Limit price can't be higher than 81459.95."}
2026-05-21 12:57:30 | ERROR    | trading_bot | HTTP error 400: Limit price can't be higher than 81459.95.
2026-05-21 12:57:30 | ERROR    | trading_bot | API error placing order: Binance API error 400: Limit price can't be higher than 81459.95.
2026-05-21 12:57:55 | INFO     | trading_bot | Placing BUY LIMIT order | symbol=BTCUSDT qty=0.02 price=80000 stopPrice=None
2026-05-21 12:57:55 | DEBUG    | trading_bot | REQUEST  POST https://testnet.binancefuture.com/fapi/v1/order  params={'symbol': 'BTCUSDT', 'side': 'BUY', 'type': 'LIMIT', 'quantity': '0.02', 'newOrderRespType': 'RESULT', 'price': '80000', 'timeInForce': 'GTC', 'timestamp': 1779348475934, 'signature': '***REDACTED***'}
2026-05-21 12:57:57 | DEBUG    | trading_bot | RESPONSE 200  body={"orderId":13171370485,"symbol":"BTCUSDT","status":"FILLED","clientOrderId":"veqO7bZFqZsPzCGyaQkZHH","price":"80000.00","avgPrice":"77541.700000","origQty":"0.0200","executedQty":"0.0200","cumQty":"0.0200","cumQuote":"1550.834000","timeInForce":"GTC","type":"LIMIT","reduceOnly":false,"closePosition":false,"side":"BUY","positionSide":"BOTH","stopPrice":"0.00","workingType":"CONTRACT_PRICE","priceProtect":false,"origType":"LIMIT","priceMatch":"NONE","selfTradePreventionMode":"EXPIRE_MAKER","goodTi
2026-05-21 12:57:57 | INFO     | trading_bot | Order placed | orderId=13171370485 algoId=None status=FILLED executedQty=0.0200 avgPrice=77541.700000
2026-05-21 13:10:35 | INFO     | trading_bot | Placing BUY MARKET order | symbol=BTCUSDT qty=0.02 price=None stopPrice=None
2026-05-21 13:10:35 | DEBUG    | trading_bot | REQUEST  POST https://testnet.binancefuture.com/fapi/v1/order  params={'symbol': 'BTCUSDT', 'side': 'BUY', 'type': 'MARKET', 'quantity': '0.02', 'newOrderRespType': 'RESULT', 'timestamp': 1779349235436, 'signature': '***REDACTED***'}
2026-05-21 13:10:37 | ERROR    | trading_bot | Network error reaching POST /fapi/v1/order
2026-05-21 13:15:34 | INFO     | trading_bot | Placing BUY MARKET order | symbol=BTCUSDT qty=0.02 price=None stopPrice=None
2026-05-21 13:15:34 | DEBUG    | trading_bot | REQUEST  POST https://testnet.binancefuture.com/fapi/v1/order  params={'symbol': 'BTCUSDT', 'side': 'BUY', 'type': 'MARKET', 'quantity': '0.02', 'newOrderRespType': 'RESULT', 'timestamp': 1779349534260, 'signature': '***REDACTED***'}
2026-05-21 13:15:36 | ERROR    | trading_bot | Network error reaching POST /fapi/v1/order
2026-05-21 13:17:09 | INFO     | trading_bot | Placing BUY MARKET order | symbol=BTCUSDT qty=0.001 price=None stopPrice=None
2026-05-21 13:17:09 | DEBUG    | trading_bot | REQUEST  POST https://testnet.binancefuture.com/fapi/v1/order  params={'symbol': 'BTCUSDT', 'side': 'BUY', 'type': 'MARKET', 'quantity': '0.001', 'newOrderRespType': 'RESULT', 'timestamp': 1779349629873, 'signature': '***REDACTED***'}
2026-05-21 13:17:10 | DEBUG    | trading_bot | RESPONSE 200  body={"orderId":13171419874,"symbol":"BTCUSDT","status":"FILLED","clientOrderId":"JnKFBgm1FzJo6L02M3A9c1","price":"0.00","avgPrice":"77708.300000","origQty":"0.0010","executedQty":"0.0010","cumQty":"0.0010","cumQuote":"77.708300","timeInForce":"GTC","type":"MARKET","reduceOnly":false,"closePosition":false,"side":"BUY","positionSide":"BOTH","stopPrice":"0.00","workingType":"CONTRACT_PRICE","priceProtect":false,"origType":"MARKET","priceMatch":"NONE","selfTradePreventionMode":"EXPIRE_MAKER","goodTillDa
2026-05-21 13:17:10 | INFO     | trading_bot | Order placed | orderId=13171419874 algoId=None status=FILLED executedQty=0.0010 avgPrice=77708.300000
2026-05-21 13:17:57 | INFO     | trading_bot | Placing BUY MARKET order | symbol=BTCUSDT qty=0.001 price=None stopPrice=None
2026-05-21 13:17:57 | DEBUG    | trading_bot | REQUEST  POST https://testnet.binancefuture.com/fapi/v1/order  params={'symbol': 'BTCUSDT', 'side': 'BUY', 'type': 'MARKET', 'quantity': '0.001', 'newOrderRespType': 'RESULT', 'timestamp': 1779349677428, 'signature': '***REDACTED***'}
2026-05-21 13:17:59 | ERROR    | trading_bot | Network error reaching POST /fapi/v1/order
2026-05-21 13:18:22 | INFO     | trading_bot | Placing BUY MARKET order | symbol=BTCUSDT qty=0.001 price=None stopPrice=None
2026-05-21 13:18:22 | DEBUG    | trading_bot | REQUEST  POST https://testnet.binancefuture.com/fapi/v1/order  params={'symbol': 'BTCUSDT', 'side': 'BUY', 'type': 'MARKET', 'quantity': '0.001', 'newOrderRespType': 'RESULT', 'timestamp': 1779349702267, 'signature': '***REDACTED***'}
2026-05-21 13:18:24 | ERROR    | trading_bot | Network error reaching POST /fapi/v1/order
2026-05-21 13:20:49 | ERROR    | trading_bot | UI order error: ValidationError: Price is required for LIMIT orders.
2026-05-21 13:23:43 | INFO     | trading_bot | Placing BUY MARKET order | symbol=BTCUSDT qty=0.001 price=None stopPrice=None
2026-05-21 13:23:43 | DEBUG    | trading_bot | REQUEST  POST https://testnet.binancefuture.com/fapi/v1/order  params={'symbol': 'BTCUSDT', 'side': 'BUY', 'type': 'MARKET', 'quantity': '0.001', 'newOrderRespType': 'RESULT', 'timestamp': 1779350023305, 'signature': '***REDACTED***'}
2026-05-21 13:23:44 | DEBUG    | trading_bot | RESPONSE 200  body={"orderId":13171434674,"symbol":"BTCUSDT","status":"FILLED","clientOrderId":"JKT3RxAr3JNDhNTxNmXudr","price":"0.00","avgPrice":"77732.900000","origQty":"0.0010","executedQty":"0.0010","cumQty":"0.0010","cumQuote":"77.732900","timeInForce":"GTC","type":"MARKET","reduceOnly":false,"closePosition":false,"side":"BUY","positionSide":"BOTH","stopPrice":"0.00","workingType":"CONTRACT_PRICE","priceProtect":false,"origType":"MARKET","priceMatch":"NONE","selfTradePreventionMode":"EXPIRE_MAKER","goodTillDa
2026-05-21 13:23:44 | INFO     | trading_bot | Order placed | orderId=13171434674 algoId=None status=FILLED executedQty=0.0010 avgPrice=77732.900000
2026-05-21 13:23:56 | ERROR    | trading_bot | UI order error: ValidationError: Quantity must be greater than 0, got 0.00.
2026-05-21 13:24:07 | INFO     | trading_bot | Placing SELL MARKET order | symbol=BTCUSDT qty=0.002 price=None stopPrice=None
2026-05-21 13:24:07 | DEBUG    | trading_bot | REQUEST  POST https://testnet.binancefuture.com/fapi/v1/order  params={'symbol': 'BTCUSDT', 'side': 'SELL', 'type': 'MARKET', 'quantity': '0.002', 'newOrderRespType': 'RESULT', 'timestamp': 1779350047280, 'signature': '***REDACTED***'}
2026-05-21 13:24:08 | DEBUG    | trading_bot | RESPONSE 200  body={"orderId":13171435550,"symbol":"BTCUSDT","status":"FILLED","clientOrderId":"si26xSh5svrqt0uLkYAr2L","price":"0.00","avgPrice":"77717.800000","origQty":"0.0020","executedQty":"0.0020","cumQty":"0.0020","cumQuote":"155.435600","timeInForce":"GTC","type":"MARKET","reduceOnly":false,"closePosition":false,"side":"SELL","positionSide":"BOTH","stopPrice":"0.00","workingType":"CONTRACT_PRICE","priceProtect":false,"origType":"MARKET","priceMatch":"NONE","selfTradePreventionMode":"EXPIRE_MAKER","goodTill
2026-05-21 13:24:08 | INFO     | trading_bot | Order placed | orderId=13171435550 algoId=None status=FILLED executedQty=0.0020 avgPrice=77717.800000
2026-05-21 13:24:28 | INFO     | trading_bot | Placing SELL STOP_LIMIT order | symbol=BTCUSDT qty=0.002 price=80000 stopPrice=80000
2026-05-21 13:24:28 | DEBUG    | trading_bot | REQUEST  POST https://testnet.binancefuture.com/fapi/v1/algoOrder  params={'symbol': 'BTCUSDT', 'side': 'SELL', 'type': 'STOP', 'quantity': '0.002', 'newOrderRespType': 'RESULT', 'price': '80000', 'timeInForce': 'GTC', 'algoType': 'CONDITIONAL', 'triggerPrice': '80000', 'timestamp': 1779350068877, 'signature': '***REDACTED***'}
2026-05-21 13:24:29 | DEBUG    | trading_bot | RESPONSE 400  body={"code":-2021,"msg":"Order would immediately trigger."}
2026-05-21 13:24:29 | ERROR    | trading_bot | HTTP error 400: Order would immediately trigger.
2026-05-21 13:24:29 | ERROR    | trading_bot | UI order error: BinanceAPIError: Binance API error 400: Order would immediately trigger.
2026-05-21 13:24:44 | INFO     | trading_bot | Placing SELL STOP_LIMIT order | symbol=BTCUSDT qty=0.002 price=80000 stopPrice=80000
2026-05-21 13:24:44 | DEBUG    | trading_bot | REQUEST  POST https://testnet.binancefuture.com/fapi/v1/algoOrder  params={'symbol': 'BTCUSDT', 'side': 'SELL', 'type': 'STOP', 'quantity': '0.002', 'newOrderRespType': 'RESULT', 'price': '80000', 'timeInForce': 'GTC', 'algoType': 'CONDITIONAL', 'triggerPrice': '80000', 'timestamp': 1779350084166, 'signature': '***REDACTED***'}
2026-05-21 13:24:45 | DEBUG    | trading_bot | RESPONSE 400  body={"code":-2021,"msg":"Order would immediately trigger."}
2026-05-21 13:24:45 | ERROR    | trading_bot | HTTP error 400: Order would immediately trigger.
2026-05-21 13:24:45 | ERROR    | trading_bot | UI order error: BinanceAPIError: Binance API error 400: Order would immediately trigger.
2026-05-21 13:27:33 | INFO     | trading_bot | Placing BUY MARKET order | symbol=BTCUSDT qty=0.001 price=None stopPrice=None
2026-05-21 13:27:33 | DEBUG    | trading_bot | REQUEST  POST https://testnet.binancefuture.com/fapi/v1/order  params={'symbol': 'BTCUSDT', 'side': 'BUY', 'type': 'MARKET', 'quantity': '0.001', 'newOrderRespType': 'RESULT', 'timestamp': 1779350253525, 'signature': '***REDACTED***'}
2026-05-21 13:27:34 | DEBUG    | trading_bot | RESPONSE 200  body={"orderId":13171444031,"symbol":"BTCUSDT","status":"FILLED","clientOrderId":"ahsdPq5HwH9PletvDDUkz5","price":"0.00","avgPrice":"77843.000000","origQty":"0.0010","executedQty":"0.0010","cumQty":"0.0010","cumQuote":"77.843000","timeInForce":"GTC","type":"MARKET","reduceOnly":false,"closePosition":false,"side":"BUY","positionSide":"BOTH","stopPrice":"0.00","workingType":"CONTRACT_PRICE","priceProtect":false,"origType":"MARKET","priceMatch":"NONE","selfTradePreventionMode":"EXPIRE_MAKER","goodTillDa
2026-05-21 13:27:34 | INFO     | trading_bot | Order placed | orderId=13171444031 algoId=None status=FILLED executedQty=0.0010 avgPrice=77843.000000
2026-05-21 13:27:52 | INFO     | trading_bot | Placing BUY STOP_LIMIT order | symbol=BTCUSDT qty=0.001 price=76000 stopPrice=76000
2026-05-21 13:27:52 | DEBUG    | trading_bot | REQUEST  POST https://testnet.binancefuture.com/fapi/v1/algoOrder  params={'symbol': 'BTCUSDT', 'side': 'BUY', 'type': 'STOP', 'quantity': '0.001', 'newOrderRespType': 'RESULT', 'price': '76000', 'timeInForce': 'GTC', 'algoType': 'CONDITIONAL', 'triggerPrice': '76000', 'timestamp': 1779350272984, 'signature': '***REDACTED***'}
2026-05-21 13:27:54 | DEBUG    | trading_bot | RESPONSE 400  body={"code":-2021,"msg":"Order would immediately trigger."}
2026-05-21 13:27:54 | ERROR    | trading_bot | HTTP error 400: Order would immediately trigger.
2026-05-21 13:27:54 | ERROR    | trading_bot | UI order error: BinanceAPIError: Your BUY STOP_LIMIT would trigger immediately. Use a stop/trigger price above the current market price, and set the limit price at or above the trigger price.
2026-05-21 13:28:22 | INFO     | trading_bot | Placing BUY STOP_LIMIT order | symbol=BTCUSDT qty=0.001 price=79000 stopPrice=78500
2026-05-21 13:28:22 | DEBUG    | trading_bot | REQUEST  POST https://testnet.binancefuture.com/fapi/v1/algoOrder  params={'symbol': 'BTCUSDT', 'side': 'BUY', 'type': 'STOP', 'quantity': '0.001', 'newOrderRespType': 'RESULT', 'price': '79000', 'timeInForce': 'GTC', 'algoType': 'CONDITIONAL', 'triggerPrice': '78500', 'timestamp': 1779350302035, 'signature': '***REDACTED***'}
2026-05-21 13:28:23 | DEBUG    | trading_bot | RESPONSE 200  body={"algoId":1000000081338277,"clientAlgoId":"970mvyCWjyDIXzgBJHEnq2","algoType":"CONDITIONAL","orderType":"STOP","symbol":"BTCUSDT","side":"BUY","positionSide":"BOTH","timeInForce":"GTC","quantity":"0.0010","algoStatus":"NEW","triggerPrice":"78500.00","price":"79000.00","icebergQuantity":null,"selfTradePreventionMode":"EXPIRE_MAKER","workingType":"CONTRACT_PRICE","priceMatch":"NONE","closePosition":false,"priceProtect":false,"reduceOnly":false,"createTime":1779350304316,"updateTime":1779350304323,
2026-05-21 13:28:23 | INFO     | trading_bot | Order placed | orderId=None algoId=1000000081338277 status=None executedQty=None avgPrice=None

2026-05-21 14:01:49 | WARNING  | trading_bot | Validation failed: Price is required for LIMIT orders.
2026-05-21 14:06:18 | INFO     | trading_bot | Placing SELL LIMIT order | symbol=BTCUSDT qty=0.001 price=120000 stopPrice=None
2026-05-21 14:06:18 | DEBUG    | trading_bot | REQUEST  POST https://testnet.binancefuture.com/fapi/v1/order  params={'symbol': 'BTCUSDT', 'side': 'SELL', 'type': 'LIMIT', 'quantity': '0.001', 'newOrderRespType': 'RESULT', 'price': '120000', 'timeInForce': 'GTC', 'timestamp': 1779352578385, 'signature': '***REDACTED***'}
2026-05-21 14:06:20 | DEBUG    | trading_bot | RESPONSE 200  body={"orderId":13171526987,"symbol":"BTCUSDT","status":"NEW","clientOrderId":"zdgyNQUOdYrTB0HuYW7scL","price":"120000.00","avgPrice":"0.00","origQty":"0.0010","executedQty":"0.0000","cumQty":"0.0000","cumQuote":"0.000000","timeInForce":"GTC","type":"LIMIT","reduceOnly":false,"closePosition":false,"side":"SELL","positionSide":"BOTH","stopPrice":"0.00","workingType":"CONTRACT_PRICE","priceProtect":false,"origType":"LIMIT","priceMatch":"NONE","selfTradePreventionMode":"EXPIRE_MAKER","goodTillDate":0,"u
2026-05-21 14:06:20 | INFO     | trading_bot | Order placed | orderId=13171526987 algoId=None status=NEW executedQty=0.0000 avgPrice=0.00
